0 info it worked if it ends with ok
1 verbose cli [ 'C:\\Program Files\\nodejs\\node.exe',
1 verbose cli   'C:\\Program Files\\nodejs\\node_modules\\npm\\bin\\npm-cli.js',
1 verbose cli   'install',
1 verbose cli   'karma',
1 verbose cli   'jasmin',
1 verbose cli   '--save' ]
2 info using npm@2.15.8
3 info using node@v4.4.7
4 verbose install initial load of C:\CodeChallenge1-AlanGarcia\package.json
5 verbose readDependencies loading dependencies from C:\CodeChallenge1-AlanGarcia\package.json
6 silly cache add args [ 'karma', null ]
7 verbose cache add spec karma
8 silly cache add args [ 'jasmin', null ]
9 verbose cache add spec jasmin
10 silly cache add parsed spec Result {
10 silly cache add   raw: 'karma',
10 silly cache add   scope: null,
10 silly cache add   name: 'karma',
10 silly cache add   rawSpec: '',
10 silly cache add   spec: 'latest',
10 silly cache add   type: 'tag' }
11 silly addNamed karma@latest
12 verbose addNamed "latest" is being treated as a dist-tag for karma
13 info addNameTag [ 'karma', 'latest' ]
14 silly mapToRegistry name karma
15 silly mapToRegistry using default registry
16 silly mapToRegistry registry https://registry.npmjs.org/
17 silly mapToRegistry data Result {
17 silly mapToRegistry   raw: 'karma',
17 silly mapToRegistry   scope: null,
17 silly mapToRegistry   name: 'karma',
17 silly mapToRegistry   rawSpec: '',
17 silly mapToRegistry   spec: 'latest',
17 silly mapToRegistry   type: 'tag' }
18 silly mapToRegistry uri https://registry.npmjs.org/karma
19 verbose addNameTag registry:https://registry.npmjs.org/karma not in flight; fetching
20 silly cache add parsed spec Result {
20 silly cache add   raw: 'jasmin',
20 silly cache add   scope: null,
20 silly cache add   name: 'jasmin',
20 silly cache add   rawSpec: '',
20 silly cache add   spec: 'latest',
20 silly cache add   type: 'tag' }
21 silly addNamed jasmin@latest
22 verbose addNamed "latest" is being treated as a dist-tag for jasmin
23 info addNameTag [ 'jasmin', 'latest' ]
24 silly mapToRegistry name jasmin
25 silly mapToRegistry using default registry
26 silly mapToRegistry registry https://registry.npmjs.org/
27 silly mapToRegistry data Result {
27 silly mapToRegistry   raw: 'jasmin',
27 silly mapToRegistry   scope: null,
27 silly mapToRegistry   name: 'jasmin',
27 silly mapToRegistry   rawSpec: '',
27 silly mapToRegistry   spec: 'latest',
27 silly mapToRegistry   type: 'tag' }
28 silly mapToRegistry uri https://registry.npmjs.org/jasmin
29 verbose addNameTag registry:https://registry.npmjs.org/jasmin not in flight; fetching
30 verbose request uri https://registry.npmjs.org/jasmin
31 verbose request no auth needed
32 info attempt registry request try #1 at 16:10:34
33 verbose request id e1c48319d6f60c15
34 http request GET https://registry.npmjs.org/jasmin
35 verbose request uri https://registry.npmjs.org/karma
36 verbose request no auth needed
37 info attempt registry request try #1 at 16:10:34
38 verbose etag "2NB3499ONTAH3HCA13QJPCJSR"
39 http request GET https://registry.npmjs.org/karma
40 http 404 https://registry.npmjs.org/jasmin
41 verbose headers { 'content-type': 'application/json',
41 verbose headers   'cache-control': 'max-age=0',
41 verbose headers   'content-length': '2',
41 verbose headers   'accept-ranges': 'bytes',
41 verbose headers   date: 'Sun, 17 Jul 2016 21:10:56 GMT',
41 verbose headers   via: '1.1 varnish',
41 verbose headers   age: '0',
41 verbose headers   connection: 'keep-alive',
41 verbose headers   'x-served-by': 'cache-dfw1837-DFW',
41 verbose headers   'x-cache': 'MISS',
41 verbose headers   'x-cache-hits': '0',
41 verbose headers   'x-timer': 'S1468789856.243679,VS0,VE190',
41 verbose headers   vary: 'Accept-Encoding' }
42 silly get cb [ 404,
42 silly get   { 'content-type': 'application/json',
42 silly get     'cache-control': 'max-age=0',
42 silly get     'content-length': '2',
42 silly get     'accept-ranges': 'bytes',
42 silly get     date: 'Sun, 17 Jul 2016 21:10:56 GMT',
42 silly get     via: '1.1 varnish',
42 silly get     age: '0',
42 silly get     connection: 'keep-alive',
42 silly get     'x-served-by': 'cache-dfw1837-DFW',
42 silly get     'x-cache': 'MISS',
42 silly get     'x-cache-hits': '0',
42 silly get     'x-timer': 'S1468789856.243679,VS0,VE190',
42 silly get     vary: 'Accept-Encoding' } ]
43 http 200 https://registry.npmjs.org/karma
44 verbose headers { server: 'CouchDB/1.5.0 (Erlang OTP/R16B03)',
44 verbose headers   etag: '"DOZLYEAUKUCS1R50HWLBIY0OJ"',
44 verbose headers   'content-type': 'application/json',
44 verbose headers   'content-encoding': 'gzip',
44 verbose headers   'cache-control': 'max-age=300',
44 verbose headers   'content-length': '120234',
44 verbose headers   'accept-ranges': 'bytes',
44 verbose headers   date: 'Sun, 17 Jul 2016 21:10:56 GMT',
44 verbose headers   via: '1.1 varnish',
44 verbose headers   age: '0',
44 verbose headers   connection: 'keep-alive',
44 verbose headers   'x-served-by': 'cache-dfw1839-DFW',
44 verbose headers   'x-cache': 'HIT',
44 verbose headers   'x-cache-hits': '1',
44 verbose headers   'x-timer': 'S1468789856.265565,VS0,VE277',
44 verbose headers   vary: 'Accept-Encoding' }
45 silly get cb [ 200,
45 silly get   { server: 'CouchDB/1.5.0 (Erlang OTP/R16B03)',
45 silly get     etag: '"DOZLYEAUKUCS1R50HWLBIY0OJ"',
45 silly get     'content-type': 'application/json',
45 silly get     'content-encoding': 'gzip',
45 silly get     'cache-control': 'max-age=300',
45 silly get     'content-length': '120234',
45 silly get     'accept-ranges': 'bytes',
45 silly get     date: 'Sun, 17 Jul 2016 21:10:56 GMT',
45 silly get     via: '1.1 varnish',
45 silly get     age: '0',
45 silly get     connection: 'keep-alive',
45 silly get     'x-served-by': 'cache-dfw1839-DFW',
45 silly get     'x-cache': 'HIT',
45 silly get     'x-cache-hits': '1',
45 silly get     'x-timer': 'S1468789856.265565,VS0,VE277',
45 silly get     vary: 'Accept-Encoding' } ]
46 verbose get saving karma to C:\Users\Lilian\AppData\Roaming\npm-cache\registry.npmjs.org\karma\.cache.json
47 verbose correctMkdir C:\Users\Lilian\AppData\Roaming\npm-cache correctMkdir not in flight; initializing
48 silly addNameTag next cb for karma with tag latest
49 silly addNamed karma@1.1.1
50 verbose addNamed "1.1.1" is a plain semver version for karma
51 silly cache afterAdd karma@1.1.1
52 verbose afterAdd C:\Users\Lilian\AppData\Roaming\npm-cache\karma\1.1.1\package\package.json not in flight; writing
53 verbose correctMkdir C:\Users\Lilian\AppData\Roaming\npm-cache correctMkdir not in flight; initializing
54 verbose afterAdd C:\Users\Lilian\AppData\Roaming\npm-cache\karma\1.1.1\package\package.json written
55 verbose stack Error: Registry returned 404 for GET on https://registry.npmjs.org/jasmin
55 verbose stack     at makeError (C:\Program Files\nodejs\node_modules\npm\node_modules\npm-registry-client\lib\request.js:264:12)
55 verbose stack     at CachingRegistryClient.<anonymous> (C:\Program Files\nodejs\node_modules\npm\node_modules\npm-registry-client\lib\request.js:242:14)
55 verbose stack     at Request._callback (C:\Program Files\nodejs\node_modules\npm\node_modules\npm-registry-client\lib\request.js:172:14)
55 verbose stack     at Request.self.callback (C:\Program Files\nodejs\node_modules\npm\node_modules\request\request.js:200:22)
55 verbose stack     at emitTwo (events.js:87:13)
55 verbose stack     at Request.emit (events.js:172:7)
55 verbose stack     at Request.<anonymous> (C:\Program Files\nodejs\node_modules\npm\node_modules\request\request.js:1067:10)
55 verbose stack     at emitOne (events.js:82:20)
55 verbose stack     at Request.emit (events.js:169:7)
55 verbose stack     at IncomingMessage.<anonymous> (C:\Program Files\nodejs\node_modules\npm\node_modules\request\request.js:988:12)
56 verbose statusCode 404
57 verbose pkgid jasmin
58 verbose cwd C:\CodeChallenge1-AlanGarcia
59 error Windows_NT 6.3.9600
60 error argv "C:\\Program Files\\nodejs\\node.exe" "C:\\Program Files\\nodejs\\node_modules\\npm\\bin\\npm-cli.js" "install" "karma" "jasmin" "--save"
61 error node v4.4.7
62 error npm  v2.15.8
63 error code E404
64 error 404 Registry returned 404 for GET on https://registry.npmjs.org/jasmin
64 error 404
64 error 404 'jasmin' is not in the npm registry.
64 error 404 You should bug the author to publish it (or use the name yourself!)
64 error 404 It was specified as a dependency of 'pokedex'
64 error 404
64 error 404 Note that you can also install from a
64 error 404 tarball, folder, http url, or git url.
65 verbose exit [ 1, true ]
